<?xml version="1.0" encoding="UTF-8"?>
<testng-results skipped="0" failed="0" total="2" passed="2">
  <reporter-output>
  </reporter-output>
  <suite name="Default suite" duration-ms="626" started-at="2017-08-16T09:59:25Z" finished-at="2017-08-16T09:59:25Z">
    <groups>
    </groups>
    <test name="Default test" duration-ms="626" started-at="2017-08-16T09:59:25Z" finished-at="2017-08-16T09:59:25Z">
      <class name="databasetesting.SeleniumDataBaseTesting2">
        <test-method status="PASS" signature="setUp()[pri:0, instance:databasetesting.SeleniumDataBaseTesting2@6cc4c815]" name="setUp" is-config="true" duration-ms="560" started-at="2017-08-16T15:29:25Z" finished-at="2017-08-16T15:29:25Z">
          <reporter-output>
          </reporter-output>
        </test-method> <!-- setUp -->
        <test-method status="PASS" signature="getEmployeesFromDataBase()[pri:1, instance:databasetesting.SeleniumDataBaseTesting2@6cc4c815]" name="getEmployeesFromDataBase" duration-ms="17" started-at="2017-08-16T15:29:25Z" finished-at="2017-08-16T15:29:25Z">
          <reporter-output>
          </reporter-output>
        </test-method> <!-- getEmployeesFromDataBase -->
        <test-method status="PASS" signature="customer()[pri:2, instance:databasetesting.SeleniumDataBaseTesting2@6cc4c815]" name="customer" duration-ms="11" started-at="2017-08-16T15:29:25Z" finished-at="2017-08-16T15:29:25Z">
          <reporter-output>
          </reporter-output>
        </test-method> <!-- customer -->
        <test-method status="PASS" signature="tearDown()[pri:0, instance:databasetesting.SeleniumDataBaseTesting2@6cc4c815]" name="tearDown" is-config="true" duration-ms="3" started-at="2017-08-16T15:29:25Z" finished-at="2017-08-16T15:29:25Z">
          <reporter-output>
          </reporter-output>
        </test-method> <!-- tearDown -->
      </class> <!-- databasetesting.SeleniumDataBaseTesting2 -->
    </test> <!-- Default test -->
  </suite> <!-- Default suite -->
</testng-results>
